Note: Google Test filter = DxpTestFixture.CoreWorkDivIncomptLxRelayout*
[==========] Running 2 tests from 1 test suite.
[----------] Global test environment set-up.
[----------] 2 tests from DxpTestFixture
[ RUN      ] DxpTestFixture.CoreWorkDivIncomptLxRelayout
[       OK ] DxpTestFixture.CoreWorkDivIncomptLxRelayout (72 ms)
[ RUN      ] DxpTestFixture.CoreWorkDivIncomptLxRelayoutCardinality
[       OK ] DxpTestFixture.CoreWorkDivIncomptLxRelayoutCardinality (83 ms)
[----------] 2 tests from DxpTestFixture (156 ms total)

[----------] Global test environment tear-down
[==========] 2 tests from 1 test suite ran. (156 ms total)
[  PASSED  ] 2 tests.
